<?xml version="1.0" encoding="UTF-8"?>
<!-- Generated by org.testng.reporters.JUnitReportReporter -->
<testsuite skipped="0" hostname="Mamun79s-MBP.fios-router.home" name="com.testNGMultiBrowser.com.testNGMultiBrowserTest.TestNGMultiBrowserDemo" tests="2" failures="0" timestamp="17 May 2019 11:30:12 GMT" time="2.632" errors="0">
  <testcase name="test1" time="1.581" classname="com.testNGMultiBrowser.com.testNGMultiBrowserTest.TestNGMultiBrowserDemo"/>
  <testcase name="test1" time="1.051" classname="com.testNGMultiBrowser.com.testNGMultiBrowserTest.TestNGMultiBrowserDemo"/>
</testsuite> <!-- com.testNGMultiBrowser.com.testNGMultiBrowserTest.TestNGMultiBrowserDemo -->
